<?xml version="1.0" encoding="UTF-8"?>
<!-- Generated by org.testng.reporters.JUnitXMLReporter -->
<testsuite hostname="priyanka4414" ignored="4" name="APITest" tests="11" failures="0" timestamp="2020-06-11T23:05:31 IST" time="16.767" errors="0">
  <testcase name="FollowActivity" time="1.371" classname="com.nagarro.restapi.testcase.ActivityTest"/>
  <testcase name="GetActivity" time="1.404" classname="com.nagarro.restapi.testcase.ActivityTest"/>
  <testcase name="DeleteActivity" time="1.332" classname="com.nagarro.restapi.testcase.ActivityTest"/>
  <testcase name="ForgotPassword" time="1.629" classname="com.nagarro.restapi.testcase.PasswordTest"/>
  <testcase name="ResetPassword" time="1.315" classname="com.nagarro.restapi.testcase.PasswordTest"/>
  <testcase name="AddQuote" time="1.927" classname="com.nagarro.restapi.testcase.QuoteTest"/>
  <testcase name="FavQuote" time="1.321" classname="com.nagarro.restapi.testcase.QuoteTest"/>
  <testcase name="HideQuote" time="1.42" classname="com.nagarro.restapi.testcase.QuoteTest"/>
  <testcase name="addNewUserFailTest" time="1.562" classname="com.nagarro.restapi.testcase.UsersTest"/>
  <testcase name="getUserTest" time="1.313" classname="com.nagarro.restapi.testcase.UsersTest"/>
  <testcase name="UpdateUser" time="1.26" classname="com.nagarro.restapi.testcase.UsersTest"/>
  <testcase name="@BeforeSuite setupTest" time="0.0" classname="com.nagarro.restapi.base.BaseTest">
    <ignored/>
  </testcase> <!-- @BeforeSuite setupTest -->
  <testcase name="@BeforeSuite setupTest" time="0.0" classname="com.nagarro.restapi.base.BaseTest">
    <ignored/>
  </testcase> <!-- @BeforeSuite setupTest -->
  <testcase name="@BeforeSuite setupTest" time="0.0" classname="com.nagarro.restapi.base.BaseTest">
    <ignored/>
  </testcase> <!-- @BeforeSuite setupTest -->
  <testcase name="addNewUserSuccessfulTest" time="0.0" classname="com.nagarro.restapi.testcase.UsersTest">
    <ignored/>
  </testcase> <!-- addNewUserSuccessfulTest -->
</testsuite> <!-- APITest -->
