<?xml version="1.0" encoding="UTF-8"?>
<!-- Generated by org.testng.reporters.JUnitXMLReporter -->
<testsuite hostname="priyanka4414" ignored="5" name="Command line test" tests="11" failures="0" timestamp="2020-06-16T15:35:49 IST" time="16.169" errors="0">
  <testcase name="FollowActivity" time="1.277" classname="com.nagarro.restapi.testcase.ActivityTest"/>
  <testcase name="GetActivity" time="1.35" classname="com.nagarro.restapi.testcase.ActivityTest"/>
  <testcase name="DeleteActivity" time="1.267" classname="com.nagarro.restapi.testcase.ActivityTest"/>
  <testcase name="ForgotPassword" time="1.481" classname="com.nagarro.restapi.testcase.PasswordTest"/>
  <testcase name="ResetPassword" time="1.257" classname="com.nagarro.restapi.testcase.PasswordTest"/>
  <testcase name="AddQuote" time="1.881" classname="com.nagarro.restapi.testcase.QuoteTest"/>
  <testcase name="FavQuote" time="1.293" classname="com.nagarro.restapi.testcase.QuoteTest"/>
  <testcase name="HideQuote" time="1.399" classname="com.nagarro.restapi.testcase.QuoteTest"/>
  <testcase name="addNewUserFailTest" time="1.581" classname="com.nagarro.restapi.testcase.UsersTest"/>
  <testcase name="getUserTest" time="1.274" classname="com.nagarro.restapi.testcase.UsersTest"/>
  <testcase name="UpdateUser" time="1.249" classname="com.nagarro.restapi.testcase.UsersTest"/>
  <testcase name="@BeforeSuite setupTest" time="0.0" classname="com.nagarro.restapi.base.BaseTest">
    <ignored/>
  </testcase> <!-- @BeforeSuite setupTest -->
  <testcase name="@BeforeSuite setupTest" time="0.0" classname="com.nagarro.restapi.base.BaseTest">
    <ignored/>
  </testcase> <!-- @BeforeSuite setupTest -->
  <testcase name="@BeforeSuite setupTest" time="0.0" classname="com.nagarro.restapi.base.BaseTest">
    <ignored/>
  </testcase> <!-- @BeforeSuite setupTest -->
  <testcase name="@BeforeSuite setupTest" time="0.0" classname="com.nagarro.restapi.base.BaseTest">
    <ignored/>
  </testcase> <!-- @BeforeSuite setupTest -->
  <testcase name="addNewUserSuccessfulTest" time="0.0" classname="com.nagarro.restapi.testcase.UsersTest">
    <ignored/>
  </testcase> <!-- addNewUserSuccessfulTest -->
</testsuite> <!-- Command line test -->
